\BOOKMARK [1][-]{section.1}{The Brussels airport problem}{}% 1
\BOOKMARK [2][-]{subsection.1.1}{Explain the given model}{section.1}% 2
\BOOKMARK [2][-]{subsection.1.2}{Design 2 different variable and/or value ordering heuristics for this problem.}{section.1}% 3
\BOOKMARK [2][-]{subsection.1.3}{Which criteria are meaningful for comparing different search strategies?}{section.1}% 4
\BOOKMARK [2][-]{subsection.1.4}{Based on your criteria, compare your heuristics with the labelFF heuristic by testing them on the instance on iCampus.}{section.1}% 5
\BOOKMARK [2][-]{subsection.1.5}{Consider the following strategy. \203Give an example with three planes where this strategy is wrong}{section.1}% 6
\BOOKMARK [1][-]{section.2}{The Knapsack Problem}{}% 7
\BOOKMARK [2][-]{subsection.2.1}{A Branch \046 Bound approach}{section.2}% 8
\BOOKMARK [3][-]{subsubsection.2.1.1}{Model the knapsack problem as Constraint Optimization}{subsection.2.1}% 9
\BOOKMARK [3][-]{subsubsection.2.1.2}{Describe your model in the report.}{subsection.2.1}% 10
\BOOKMARK [3][-]{subsubsection.2.1.3}{Design 3 different heuristics for variable selection.}{subsection.2.1}% 11
\BOOKMARK [3][-]{subsubsection.2.1.4}{Test your heuristics and the labelFF heuristic on the knapsack-A instances.}{subsection.2.1}% 12
\BOOKMARK [3][-]{subsubsection.2.1.5}{Present and discuss the results in your report}{subsection.2.1}% 13
\BOOKMARK [2][-]{subsection.2.2}{Optimization over iterations}{section.2}% 14
\BOOKMARK [3][-]{subsubsection.2.2.1}{Model the knapsack problem as a Constraint Satisfaction Problem.}{subsection.2.2}% 15
\BOOKMARK [3][-]{subsubsection.2.2.2}{In order to implement the optimization over iterations \203}{subsection.2.2}% 16
\BOOKMARK [3][-]{subsubsection.2.2.3}{Which of these points \(i., ii., iii.\) do you need to execute on which events?}{subsection.2.2}% 17
\BOOKMARK [3][-]{subsubsection.2.2.4}{How do you modify the value of ub to be sure to find the optimal solution?}{subsection.2.2}% 18
\BOOKMARK [3][-]{subsubsection.2.2.5}{Can you explain why we initialize ub with an upper bound instead of any other value?}{subsection.2.2}% 19
\BOOKMARK [3][-]{subsubsection.2.2.6}{Experiment this program on the instances knapsack-A, -B. }{subsection.2.2}% 20
\BOOKMARK [3][-]{subsubsection.2.2.7}{Present and discuss the results in your report.}{subsection.2.2}% 21
\BOOKMARK [2][-]{subsection.2.3}{Optimization via divide and conquer}{section.2}% 22
\BOOKMARK [3][-]{subsubsection.2.3.1}{In order to implement the optimization via divide and conquer you will have to \203}{subsection.2.3}% 23
\BOOKMARK [3][-]{subsubsection.2.3.2}{Which of these points \(i., ii., iii., iv.\) do you need to execute on which events?}{subsection.2.3}% 24
\BOOKMARK [3][-]{subsubsection.2.3.3}{Experiment this version on the instances knapsack-A,-B,-C}{subsection.2.3}% 25
\BOOKMARK [3][-]{subsubsection.2.3.4}{Present and discuss the results in your report.}{subsection.2.3}% 26
