\BOOKMARK [1][-]{section.1}{Questions}{}% 1
\BOOKMARK [2][-]{subsection.1.1}{Q. 2.1}{section.1}% 2
\BOOKMARK [2][-]{subsection.1.2}{Q. 2.2}{section.1}% 3
\BOOKMARK [2][-]{subsection.1.3}{Q. 2.3}{section.1}% 4
\BOOKMARK [3][-]{subsubsection.1.3.1}{a\)}{subsection.1.3}% 5
\BOOKMARK [3][-]{subsubsection.1.3.2}{b\)}{subsection.1.3}% 6
\BOOKMARK [3][-]{subsubsection.1.3.3}{c\)}{subsection.1.3}% 7
\BOOKMARK [3][-]{subsubsection.1.3.4}{d\)}{subsection.1.3}% 8
\BOOKMARK [1][-]{section.2}{Problems}{}% 9
\BOOKMARK [2][-]{subsection.2.1}{Q. 3.1}{section.2}% 10
\BOOKMARK [3][-]{subsubsection.2.1.1}{1\), 2\)}{subsection.2.1}% 11
\BOOKMARK [3][-]{subsubsection.2.1.2}{3\)}{subsection.2.1}% 12
\BOOKMARK [3][-]{subsubsection.2.1.3}{4\)}{subsection.2.1}% 13
\BOOKMARK [2][-]{subsection.2.2}{The channeling constraint}{section.2}% 14
\BOOKMARK [3][-]{subsubsection.2.2.1}{Give the definition of domain consistency for this constraint}{subsection.2.2}% 15
\BOOKMARK [3][-]{subsubsection.2.2.2}{Implement an AC5 propagator achieving domain consistency for this constraint.}{subsection.2.2}% 16
\BOOKMARK [2][-]{subsection.2.3}{AC2001 propagator}{section.2}% 17
\BOOKMARK [3][-]{subsubsection.2.3.1}{Generic constraint}{subsection.2.3}% 18
\BOOKMARK [3][-]{subsubsection.2.3.2}{Specific constraints}{subsection.2.3}% 19
\BOOKMARK [2][-]{subsection.2.4}{The AllDifferent constraint}{section.2}% 20
\BOOKMARK [3][-]{subsubsection.2.4.1}{Define forward-checking consistency for the decomposition of AllDiff in binary constraints.}{subsection.2.4}% 21
\BOOKMARK [3][-]{subsubsection.2.4.2}{Implement a propagator ensuring a consistency for AllDiff equivalent to forward- checking consistency for the decomposition of AllDiff \(\203\)}{subsection.2.4}% 22
\BOOKMARK [3][-]{subsubsection.2.4.3}{Modify the Nqueens.co file provided into file NqueensFC.co such that it uses your implementation of alldifferent.}{subsection.2.4}% 23
\BOOKMARK [3][-]{subsubsection.2.4.4}{Test both yours \(NqueensFC.co\) and Comet\220s \(Nqueens.co\) implementation of AllDifferent on the NQueens problem. Compare the number of failures and choices be- tween the two implementations and for each n = 12 . . . 32 in a table.}{subsection.2.4}% 24
\BOOKMARK [3][-]{subsubsection.2.4.5}{What did you find in your comparative study? Explain the results!}{subsection.2.4}% 25
