\BOOKMARK [1][-]{section.1}{Nightmare in INGI}{}% 1
\BOOKMARK [2][-]{subsection.1.1}{Add the remaining facts to the model}{section.1}% 2
\BOOKMARK [2][-]{subsection.1.2}{Why does the following line result in an execution error ?}{section.1}% 3
\BOOKMARK [2][-]{subsection.1.3}{Write the lines you had to add in your report along with who killed Alice}{section.1}% 4
\BOOKMARK [2][-]{subsection.1.4}{Provide the number of solutions returned by your code. Are there different possible killers ?}{section.1}% 5
\BOOKMARK [1][-]{section.2}{Discrete tomography}{}% 6
\BOOKMARK [2][-]{subsection.2.1}{Constraints we used}{section.2}% 7
\BOOKMARK [2][-]{subsection.2.2}{Solutions to the 4 instances}{section.2}% 8
\BOOKMARK [1][-]{section.3}{NQueens}{}% 9
\BOOKMARK [2][-]{subsection.3.1}{Modify the code of the search procedure such as to assign only values that are still in the domain of the variables.}{section.3}% 10
\BOOKMARK [2][-]{subsection.3.2}{Add a by statement to the forall loop in order to first assign the variables with the smallest number of values in their domains}{section.3}% 11
\BOOKMARK [2][-]{subsection.3.3}{Give the search procedure to first assign the queens in the odd columns.}{section.3}% 12
\BOOKMARK [2][-]{subsection.3.4}{Give the search procedure to first assign the queens in the odd columns and first try to assign values that are less present in the domain of the other variables.}{section.3}% 13
\BOOKMARK [2][-]{subsection.3.5}{Give the search procedure to split \(in 2\) the domain of an unbound queen.}{section.3}% 14
\BOOKMARK [2][-]{subsection.3.6}{Give the search procedure to assign the queens from the sides to the center \(so first the queen 1, then queen N, then queen 2,...\)}{section.3}% 15
\BOOKMARK [1][-]{section.4}{Bin packing}{}% 16
\BOOKMARK [2][-]{subsection.4.1}{Explain intuitively what is a domain consistency for a CSP.}{section.4}% 17
\BOOKMARK [2][-]{subsection.4.2}{Suppose that we put objects number 2 and 4 into the first bin. What are the domains of the variables after applying domain consistency on this CSP ?}{section.4}% 18
\BOOKMARK [2][-]{subsection.4.3}{Explain what a redundant constraint is. What are the advantages and disadvantages of such constraints ?}{section.4}% 19
\BOOKMARK [2][-]{subsection.4.4}{Add the following constraint to the model : [...]}{section.4}% 20
